<?xml version="1.0" encoding="UTF-8"?>
<testng-results total="1" passed="1" failed="0" skipped="0">
  <reporter-output>
  </reporter-output>
  <suite started-at="2022-07-28T06:57:13Z" name="Default suite" finished-at="2022-07-28T06:57:20Z" duration-ms="6771">
    <groups>
    </groups>
    <test started-at="2022-07-28T06:57:13Z" name="Default test" finished-at="2022-07-28T06:57:20Z" duration-ms="6771">
      <class name="Advith.Basic_Login">
        <test-method signature="OrangeHRM()[pri:0, instance:Advith.Basic_Login@51bd8b5c]" started-at="2022-07-28T12:27:13Z" name="OrangeHRM" finished-at="2022-07-28T12:27:20Z" duration-ms="6751" status="PASS">
          <reporter-output>
          </reporter-output>
        </test-method> <!-- OrangeHRM -->
      </class> <!-- Advith.Basic_Login -->
    </test> <!-- Default test -->
  </suite> <!-- Default suite -->
</testng-results>
